<?xml version="1.0" encoding="UTF-8"?>
<!-- Generated by org.testng.reporters.JUnitXMLReporter -->
<testsuite ignored="0" hostname="DESKTOP-M5S4UPJ" failures="1" tests="2" name="Test" time="7.835" errors="0" timestamp="2023-11-12T18:42:52 PST">
  <testcase classname="day28.ParamTest" name="testLogo" time="0.071">
    <failure type="java.lang.AssertionError" message="null">
      <![CDATA[java.lang.AssertionError: null
at day28.ParamTest.testLogo(ParamTest.java:57)
at java.base/java.util.ArrayList.forEach(ArrayList.java:1541)
... Removed 29 stack frames]]>
    </failure>
  </testcase> <!-- testLogo -->
  <testcase classname="day28.ParamTest" name="testHomePageTitle" time="0.021"/>
</testsuite> <!-- Test -->
