<?xml version="1.0" encoding="UTF-8"?>
<!-- Generated by org.testng.reporters.JUnitXMLReporter -->
<testsuite ignored="6" hostname="DESKTOP-M5S4UPJ" failures="0" tests="3" name="my tests" time="0.148" errors="0" timestamp="2023-11-11T15:48:05 PST">
  <testcase classname="day27.Grouping" name="loginByFacebook" time="0.017"/>
  <testcase classname="day27.Grouping" name="loginByTwitter" time="0.003"/>
  <testcase classname="day27.Grouping" name="paymentinrupees" time="0.003"/>
  <testcase classname="day27.Grouping" name="paymentReturnByBank" time="0.0">
    <ignored/>
  </testcase> <!-- paymentReturnByBank -->
  <testcase classname="day27.Grouping" name="loginByEmail" time="0.0">
    <ignored/>
  </testcase> <!-- loginByEmail -->
  <testcase classname="day27.Grouping" name="paymentindollar" time="0.0">
    <ignored/>
  </testcase> <!-- paymentindollar -->
  <testcase classname="day27.Grouping" name="signUpByFacebook" time="0.0">
    <ignored/>
  </testcase> <!-- signUpByFacebook -->
  <testcase classname="day27.Grouping" name="signUpByTwitter" time="0.0">
    <ignored/>
  </testcase> <!-- signUpByTwitter -->
  <testcase classname="day27.Grouping" name="signUpByEmail" time="0.0">
    <ignored/>
  </testcase> <!-- signUpByEmail -->
</testsuite> <!-- my tests -->
